pgl-cs2-major-copenhagen-2024-cloud9-vs-natus-vincere-bo3-oQfvSpUlFLOUFqzW1d2rks
pgl-cs2-major-copenhagen-2024-spirit-vs-natus-vincere-bo3-Fhg0nJv42VVzqoNJNMjJrC
pgl-cs2-major-copenhagen-2024-europe-rmr-a-natus-vincere-vs-koi-ancient-_oVjdLuQEuA6-sxlBUc2lh
pgl-cs2-major-copenhagen-2024-europe-rmr-a-natus-vincere-vs-enterprise-mirage-U-Vx9UDjuniAuUxclOLms0
iem-dallas-2024-natus-vincere-vs-heroic-bo3-6ERkv2bi32pENGkp27uOF1
iem-dallas-2024-natus-vincere-vs-spirit-bo3-mcB67hZATGXmmrk7QgeLVP
esl-pro-league-season-19-flyquest-vs-natus-vincere-bo3-v0trntnPVqjj6zcNyW6InU
iem-katowice-2024-natus-vincere-vs-spirit-bo3-cGXc255f2PDfI6fnA6Cf8e
blast-premier-spring-groups-2024-natus-vincere-vs-g2-bo3-ZX5miZ6d1IQGq7f25A2Ph-
pgl-cs2-major-copenhagen-2024-natus-vincere-vs-themongolz-mirage-F9snwMaMYhJttQRkuqoQqQ
pgl-cs2-major-copenhagen-2024-natus-vincere-vs-g2-bo3-YFKVCf5_yV5FcSEhstlQ37
iem-katowice-2024-natus-vincere-vs-apeks-bo3-1SH4yZvT41dBNDg98iYe0Y
pgl-cs2-major-copenhagen-2024-natus-vincere-vs-g2-nuke-B5bhSQ8f6ntrc4EeuHP3dt
pgl-cs2-major-copenhagen-2024-europe-rmr-closed-qualifier-a-natus-vincere-vs-virtuspro-bo3-bjXILu5ofH4Yh4Oc1UsygV
pgl-cs2-major-copenhagen-2024-europe-rmr-a-natus-vincere-vs-betboom-bo3-KgvFumgI-gWAfTs20Iv6Kt
pgl-cs2-major-copenhagen-2024-natus-vincere-vs-pain-bo3-gJE0fg-RYh0lnoPieoRhhG
blast-premier-spring-groups-2024-liquid-vs-faze-bo3-9h_974wV0r11Zqbjh-wEJB
iem-chengdu-2024-north-america-closed-qualifier-liquid-vs-boss-bo3-aJLfqd0Kp-zo8kYSLGxC6u
iem-chengdu-2024-north-america-open-qualifier-1-badass-vs-liquid-bo3-y1OORmK9DTfX3tC7AOLRx5
iem-chengdu-2024-liquid-vs-mouz-bo3-aOichX1eIp5arGiEEUj1pH
iem-dallas-2024-g2-vs-liquid-bo3-zQObRsO8eGJZanFcwx6INZ
esports-world-cup-2024-north-america-open-qualifier-liquid-vs-g3-bo3-nOyBWQhC7zcAPSh8BxfuLX
iem-dallas-2024-liquid-vs-falcons-bo3-GnqwySXg1mbnBRxxWqDFaY
iem-dallas-2024-north-america-closed-qualifier-liquid-vs-nouns-bo3-pD93LK5O62GQcF8Qinb91F
blast-premier-spring-showdown-2024-liquid-vs-saw-bo3-0SOVxqT91E3dr7sfeRuxoG
cct-global-finals-2024-liquid-vs-ence-bo3-6CtOVD1AcR_5qyzNtvJJkq
iem-chengdu-2024-north-america-closed-qualifier-wildcard-vs-liquid-bo3-AimdPsg9q_KyhJmYJTncEQ
esports-world-cup-2024-north-america-closed-qualifier-m80-vs-liquid-bo3-_jsatku5lCWXQf4C4-cqgk
iem-dallas-2024-liquid-vs-9z-bo3-MUpb0cWx8Xf5_OuSWfeqGH
esports-world-cup-2024-north-america-closed-qualifier-liquid-vs-m80-bo3-urud3XodjMl3Z6B22NEfxW
cct-global-finals-2024-liquid-vs-eternal-fire-bo5-6nnw21Q5X4DEP9X9Ejg6Si
iem-chengdu-2024-g2-vs-liquid-bo3-2GmHSR3HLBqwyFCuzVxiFV
esl-pro-league-season-19-furia-vs-liquid-bo3-GkcGMs-EldRld0KZgvGLk1
esports-world-cup-2024-north-america-open-qualifier-liquid-vs-straykids-ancient-G02DldHGa2wGRWRYM7JmuK
cct-global-finals-2024-amkal-vs-liquid-bo3-Gl9spohLcH8WgDL3wrGo3V
blast-premier-spring-groups-2024-g2-vs-liquid-bo3-5O1CYFAtwd1nBgGY57UIRl
iem-dallas-2024-complexity-vs-liquid-dust2-643EmIJ8AQ_ScBEXSZsytz
cct-global-finals-2024-liquid-vs-astralis-bo3-CMoHEDx2RoDsKXnpeeJQJ8
esl-pro-league-season-19-monte-vs-liquid-bo3-OtoardnBFR3msHSBb_xE9a
iem-dallas-2024-north-america-closed-qualifier-boss-vs-liquid-bo3-aKVfWoiW9H6W73_AQxXIsG
blast-premier-spring-groups-2024-gamerlegion-vs-liquid-bo3-jjqsEOfbqtlxe-aopvnfvR
cct-global-finals-2024-liquid-vs-og-bo3-cYuhFrGzQ_90ilD_BTEJWw
esl-pro-league-season-19-astralis-vs-liquid-bo3-kI3KWyVB_f-VCqdX7YpExt
esl-pro-league-season-19-liquid-vs-flyquest-bo3-ZVknef5P85tH5QxKOxzdAC
iem-chengdu-2024-north-america-open-qualifier-1-wildcard-vs-liquid-inferno-7NqE_R-kg765FuPi4SQtUn
